   1               		.file	"Device_AVR8.c"
   2               	__SP_H__ = 0x3e
   3               	__SP_L__ = 0x3d
   4               	__SREG__ = 0x3f
   5               	__tmp_reg__ = 0
   6               	__zero_reg__ = 1
   7               		.text
   8               	.Ltext0:
   9               		.cfi_sections	.debug_frame
  10               		.section	.text.USB_Device_SendRemoteWakeup,"ax",@progbits
  11               	.global	USB_Device_SendRemoteWakeup
  13               	USB_Device_SendRemoteWakeup:
  14               	.LFB85:
  15               		.file 1 "../../tmk_core/protocol/lufa/LUFA-git/LUFA/Drivers/USB/Core/AVR8/Device_AVR8.c"
   1:../../tmk_core/protocol/lufa/LUFA-git/LUFA/Drivers/USB/Core/AVR8/Device_AVR8.c **** /*
   2:../../tmk_core/protocol/lufa/LUFA-git/LUFA/Drivers/USB/Core/AVR8/Device_AVR8.c ****              LUFA Library
   3:../../tmk_core/protocol/lufa/LUFA-git/LUFA/Drivers/USB/Core/AVR8/Device_AVR8.c ****      Copyright (C) Dean Camera, 2014.
   4:../../tmk_core/protocol/lufa/LUFA-git/LUFA/Drivers/USB/Core/AVR8/Device_AVR8.c **** 
   5:../../tmk_core/protocol/lufa/LUFA-git/LUFA/Drivers/USB/Core/AVR8/Device_AVR8.c ****   dean [at] fourwalledcubicle [dot] com
   6:../../tmk_core/protocol/lufa/LUFA-git/LUFA/Drivers/USB/Core/AVR8/Device_AVR8.c ****            www.lufa-lib.org
   7:../../tmk_core/protocol/lufa/LUFA-git/LUFA/Drivers/USB/Core/AVR8/Device_AVR8.c **** */
   8:../../tmk_core/protocol/lufa/LUFA-git/LUFA/Drivers/USB/Core/AVR8/Device_AVR8.c **** 
   9:../../tmk_core/protocol/lufa/LUFA-git/LUFA/Drivers/USB/Core/AVR8/Device_AVR8.c **** /*
  10:../../tmk_core/protocol/lufa/LUFA-git/LUFA/Drivers/USB/Core/AVR8/Device_AVR8.c ****   Copyright 2014  Dean Camera (dean [at] fourwalledcubicle [dot] com)
  11:../../tmk_core/protocol/lufa/LUFA-git/LUFA/Drivers/USB/Core/AVR8/Device_AVR8.c **** 
  12:../../tmk_core/protocol/lufa/LUFA-git/LUFA/Drivers/USB/Core/AVR8/Device_AVR8.c ****   Permission to use, copy, modify, distribute, and sell this
  13:../../tmk_core/protocol/lufa/LUFA-git/LUFA/Drivers/USB/Core/AVR8/Device_AVR8.c ****   software and its documentation for any purpose is hereby granted
  14:../../tmk_core/protocol/lufa/LUFA-git/LUFA/Drivers/USB/Core/AVR8/Device_AVR8.c ****   without fee, provided that the above copyright notice appear in
  15:../../tmk_core/protocol/lufa/LUFA-git/LUFA/Drivers/USB/Core/AVR8/Device_AVR8.c ****   all copies and that both that the copyright notice and this
  16:../../tmk_core/protocol/lufa/LUFA-git/LUFA/Drivers/USB/Core/AVR8/Device_AVR8.c ****   permission notice and warranty disclaimer appear in supporting
  17:../../tmk_core/protocol/lufa/LUFA-git/LUFA/Drivers/USB/Core/AVR8/Device_AVR8.c ****   documentation, and that the name of the author not be used in
  18:../../tmk_core/protocol/lufa/LUFA-git/LUFA/Drivers/USB/Core/AVR8/Device_AVR8.c ****   advertising or publicity pertaining to distribution of the
  19:../../tmk_core/protocol/lufa/LUFA-git/LUFA/Drivers/USB/Core/AVR8/Device_AVR8.c ****   software without specific, written prior permission.
  20:../../tmk_core/protocol/lufa/LUFA-git/LUFA/Drivers/USB/Core/AVR8/Device_AVR8.c **** 
  21:../../tmk_core/protocol/lufa/LUFA-git/LUFA/Drivers/USB/Core/AVR8/Device_AVR8.c ****   The author disclaims all warranties with regard to this
  22:../../tmk_core/protocol/lufa/LUFA-git/LUFA/Drivers/USB/Core/AVR8/Device_AVR8.c ****   software, including all implied warranties of merchantability
  23:../../tmk_core/protocol/lufa/LUFA-git/LUFA/Drivers/USB/Core/AVR8/Device_AVR8.c ****   and fitness.  In no event shall the author be liable for any
  24:../../tmk_core/protocol/lufa/LUFA-git/LUFA/Drivers/USB/Core/AVR8/Device_AVR8.c ****   special, indirect or consequential damages or any damages
  25:../../tmk_core/protocol/lufa/LUFA-git/LUFA/Drivers/USB/Core/AVR8/Device_AVR8.c ****   whatsoever resulting from loss of use, data or profits, whether
  26:../../tmk_core/protocol/lufa/LUFA-git/LUFA/Drivers/USB/Core/AVR8/Device_AVR8.c ****   in an action of contract, negligence or other tortious action,
  27:../../tmk_core/protocol/lufa/LUFA-git/LUFA/Drivers/USB/Core/AVR8/Device_AVR8.c ****   arising out of or in connection with the use or performance of
  28:../../tmk_core/protocol/lufa/LUFA-git/LUFA/Drivers/USB/Core/AVR8/Device_AVR8.c ****   this software.
  29:../../tmk_core/protocol/lufa/LUFA-git/LUFA/Drivers/USB/Core/AVR8/Device_AVR8.c **** */
  30:../../tmk_core/protocol/lufa/LUFA-git/LUFA/Drivers/USB/Core/AVR8/Device_AVR8.c **** 
  31:../../tmk_core/protocol/lufa/LUFA-git/LUFA/Drivers/USB/Core/AVR8/Device_AVR8.c **** #include "../../../../Common/Common.h"
  32:../../tmk_core/protocol/lufa/LUFA-git/LUFA/Drivers/USB/Core/AVR8/Device_AVR8.c **** #if (ARCH == ARCH_AVR8)
  33:../../tmk_core/protocol/lufa/LUFA-git/LUFA/Drivers/USB/Core/AVR8/Device_AVR8.c **** 
  34:../../tmk_core/protocol/lufa/LUFA-git/LUFA/Drivers/USB/Core/AVR8/Device_AVR8.c **** #define  __INCLUDE_FROM_USB_DRIVER
  35:../../tmk_core/protocol/lufa/LUFA-git/LUFA/Drivers/USB/Core/AVR8/Device_AVR8.c **** #include "../USBMode.h"
  36:../../tmk_core/protocol/lufa/LUFA-git/LUFA/Drivers/USB/Core/AVR8/Device_AVR8.c **** 
  37:../../tmk_core/protocol/lufa/LUFA-git/LUFA/Drivers/USB/Core/AVR8/Device_AVR8.c **** #if defined(USB_CAN_BE_DEVICE)
  38:../../tmk_core/protocol/lufa/LUFA-git/LUFA/Drivers/USB/Core/AVR8/Device_AVR8.c **** 
  39:../../tmk_core/protocol/lufa/LUFA-git/LUFA/Drivers/USB/Core/AVR8/Device_AVR8.c **** #include "../Device.h"
  40:../../tmk_core/protocol/lufa/LUFA-git/LUFA/Drivers/USB/Core/AVR8/Device_AVR8.c **** 
  41:../../tmk_core/protocol/lufa/LUFA-git/LUFA/Drivers/USB/Core/AVR8/Device_AVR8.c **** void USB_Device_SendRemoteWakeup(void)
  42:../../tmk_core/protocol/lufa/LUFA-git/LUFA/Drivers/USB/Core/AVR8/Device_AVR8.c **** {
  16               		.loc 1 42 0
  17               		.cfi_startproc
  18               	/* prologue: function */
  19               	/* frame size = 0 */
  20               	/* stack size = 0 */
  21               	.L__stack_usage = 0
  22               	.LBB8:
  23               	.LBB9:
  24               		.file 2 "../../tmk_core/protocol/lufa/LUFA-git/LUFA/Drivers/USB/Core/AVR8/../AVR8/../AVR8/USBContr
   1:../../tmk_core/protocol/lufa/LUFA-git/LUFA/Drivers/USB/Core/AVR8/../AVR8/../AVR8/USBController_AVR8.h **** /*
   2:../../tmk_core/protocol/lufa/LUFA-git/LUFA/Drivers/USB/Core/AVR8/../AVR8/../AVR8/USBController_AVR8.h ****              LUFA Library
   3:../../tmk_core/protocol/lufa/LUFA-git/LUFA/Drivers/USB/Core/AVR8/../AVR8/../AVR8/USBController_AVR8.h ****      Copyright (C) Dean Camera, 2014.
   4:../../tmk_core/protocol/lufa/LUFA-git/LUFA/Drivers/USB/Core/AVR8/../AVR8/../AVR8/USBController_AVR8.h **** 
   5:../../tmk_core/protocol/lufa/LUFA-git/LUFA/Drivers/USB/Core/AVR8/../AVR8/../AVR8/USBController_AVR8.h ****   dean [at] fourwalledcubicle [dot] com
   6:../../tmk_core/protocol/lufa/LUFA-git/LUFA/Drivers/USB/Core/AVR8/../AVR8/../AVR8/USBController_AVR8.h ****            www.lufa-lib.org
   7:../../tmk_core/protocol/lufa/LUFA-git/LUFA/Drivers/USB/Core/AVR8/../AVR8/../AVR8/USBController_AVR8.h **** */
   8:../../tmk_core/protocol/lufa/LUFA-git/LUFA/Drivers/USB/Core/AVR8/../AVR8/../AVR8/USBController_AVR8.h **** 
   9:../../tmk_core/protocol/lufa/LUFA-git/LUFA/Drivers/USB/Core/AVR8/../AVR8/../AVR8/USBController_AVR8.h **** /*
  10:../../tmk_core/protocol/lufa/LUFA-git/LUFA/Drivers/USB/Core/AVR8/../AVR8/../AVR8/USBController_AVR8.h ****   Copyright 2014  Dean Camera (dean [at] fourwalledcubicle [dot] com)
  11:../../tmk_core/protocol/lufa/LUFA-git/LUFA/Drivers/USB/Core/AVR8/../AVR8/../AVR8/USBController_AVR8.h **** 
  12:../../tmk_core/protocol/lufa/LUFA-git/LUFA/Drivers/USB/Core/AVR8/../AVR8/../AVR8/USBController_AVR8.h ****   Permission to use, copy, modify, distribute, and sell this
  13:../../tmk_core/protocol/lufa/LUFA-git/LUFA/Drivers/USB/Core/AVR8/../AVR8/../AVR8/USBController_AVR8.h ****   software and its documentation for any purpose is hereby granted
  14:../../tmk_core/protocol/lufa/LUFA-git/LUFA/Drivers/USB/Core/AVR8/../AVR8/../AVR8/USBController_AVR8.h ****   without fee, provided that the above copyright notice appear in
  15:../../tmk_core/protocol/lufa/LUFA-git/LUFA/Drivers/USB/Core/AVR8/../AVR8/../AVR8/USBController_AVR8.h ****   all copies and that both that the copyright notice and this
  16:../../tmk_core/protocol/lufa/LUFA-git/LUFA/Drivers/USB/Core/AVR8/../AVR8/../AVR8/USBController_AVR8.h ****   permission notice and warranty disclaimer appear in supporting
  17:../../tmk_core/protocol/lufa/LUFA-git/LUFA/Drivers/USB/Core/AVR8/../AVR8/../AVR8/USBController_AVR8.h ****   documentation, and that the name of the author not be used in
  18:../../tmk_core/protocol/lufa/LUFA-git/LUFA/Drivers/USB/Core/AVR8/../AVR8/../AVR8/USBController_AVR8.h ****   advertising or publicity pertaining to distribution of the
  19:../../tmk_core/protocol/lufa/LUFA-git/LUFA/Drivers/USB/Core/AVR8/../AVR8/../AVR8/USBController_AVR8.h ****   software without specific, written prior permission.
  20:../../tmk_core/protocol/lufa/LUFA-git/LUFA/Drivers/USB/Core/AVR8/../AVR8/../AVR8/USBController_AVR8.h **** 
  21:../../tmk_core/protocol/lufa/LUFA-git/LUFA/Drivers/USB/Core/AVR8/../AVR8/../AVR8/USBController_AVR8.h ****   The author disclaims all warranties with regard to this
  22:../../tmk_core/protocol/lufa/LUFA-git/LUFA/Drivers/USB/Core/AVR8/../AVR8/../AVR8/USBController_AVR8.h ****   software, including all implied warranties of merchantability
  23:../../tmk_core/protocol/lufa/LUFA-git/LUFA/Drivers/USB/Core/AVR8/../AVR8/../AVR8/USBController_AVR8.h ****   and fitness.  In no event shall the author be liable for any
  24:../../tmk_core/protocol/lufa/LUFA-git/LUFA/Drivers/USB/Core/AVR8/../AVR8/../AVR8/USBController_AVR8.h ****   special, indirect or consequential damages or any damages
  25:../../tmk_core/protocol/lufa/LUFA-git/LUFA/Drivers/USB/Core/AVR8/../AVR8/../AVR8/USBController_AVR8.h ****   whatsoever resulting from loss of use, data or profits, whether
  26:../../tmk_core/protocol/lufa/LUFA-git/LUFA/Drivers/USB/Core/AVR8/../AVR8/../AVR8/USBController_AVR8.h ****   in an action of contract, negligence or other tortious action,
  27:../../tmk_core/protocol/lufa/LUFA-git/LUFA/Drivers/USB/Core/AVR8/../AVR8/../AVR8/USBController_AVR8.h ****   arising out of or in connection with the use or performance of
  28:../../tmk_core/protocol/lufa/LUFA-git/LUFA/Drivers/USB/Core/AVR8/../AVR8/../AVR8/USBController_AVR8.h ****   this software.
  29:../../tmk_core/protocol/lufa/LUFA-git/LUFA/Drivers/USB/Core/AVR8/../AVR8/../AVR8/USBController_AVR8.h **** */
  30:../../tmk_core/protocol/lufa/LUFA-git/LUFA/Drivers/USB/Core/AVR8/../AVR8/../AVR8/USBController_AVR8.h **** 
  31:../../tmk_core/protocol/lufa/LUFA-git/LUFA/Drivers/USB/Core/AVR8/../AVR8/../AVR8/USBController_AVR8.h **** /** \file
  32:../../tmk_core/protocol/lufa/LUFA-git/LUFA/Drivers/USB/Core/AVR8/../AVR8/../AVR8/USBController_AVR8.h ****  *  \brief USB Controller definitions for the AVR8 microcontrollers.
  33:../../tmk_core/protocol/lufa/LUFA-git/LUFA/Drivers/USB/Core/AVR8/../AVR8/../AVR8/USBController_AVR8.h ****  *  \copydetails Group_USBManagement_AVR8
  34:../../tmk_core/protocol/lufa/LUFA-git/LUFA/Drivers/USB/Core/AVR8/../AVR8/../AVR8/USBController_AVR8.h ****  *
  35:../../tmk_core/protocol/lufa/LUFA-git/LUFA/Drivers/USB/Core/AVR8/../AVR8/../AVR8/USBController_AVR8.h ****  *  \note This file should not be included directly. It is automatically included as needed by the 
  36:../../tmk_core/protocol/lufa/LUFA-git/LUFA/Drivers/USB/Core/AVR8/../AVR8/../AVR8/USBController_AVR8.h ****  *        dispatch header located in LUFA/Drivers/USB/USB.h.
  37:../../tmk_core/protocol/lufa/LUFA-git/LUFA/Drivers/USB/Core/AVR8/../AVR8/../AVR8/USBController_AVR8.h ****  */
  38:../../tmk_core/protocol/lufa/LUFA-git/LUFA/Drivers/USB/Core/AVR8/../AVR8/../AVR8/USBController_AVR8.h **** 
  39:../../tmk_core/protocol/lufa/LUFA-git/LUFA/Drivers/USB/Core/AVR8/../AVR8/../AVR8/USBController_AVR8.h **** /** \ingroup Group_USBManagement
  40:../../tmk_core/protocol/lufa/LUFA-git/LUFA/Drivers/USB/Core/AVR8/../AVR8/../AVR8/USBController_AVR8.h ****  *  \defgroup Group_USBManagement_AVR8 USB Interface Management (AVR8)
  41:../../tmk_core/protocol/lufa/LUFA-git/LUFA/Drivers/USB/Core/AVR8/../AVR8/../AVR8/USBController_AVR8.h ****  *  \brief USB Controller definitions for the AVR8 microcontrollers.
  42:../../tmk_core/protocol/lufa/LUFA-git/LUFA/Drivers/USB/Core/AVR8/../AVR8/../AVR8/USBController_AVR8.h ****  *
  43:../../tmk_core/protocol/lufa/LUFA-git/LUFA/Drivers/USB/Core/AVR8/../AVR8/../AVR8/USBController_AVR8.h ****  *  Functions, macros, variables, enums and types related to the setup and management of the USB in
  44:../../tmk_core/protocol/lufa/LUFA-git/LUFA/Drivers/USB/Core/AVR8/../AVR8/../AVR8/USBController_AVR8.h ****  *
  45:../../tmk_core/protocol/lufa/LUFA-git/LUFA/Drivers/USB/Core/AVR8/../AVR8/../AVR8/USBController_AVR8.h ****  *  @{
  46:../../tmk_core/protocol/lufa/LUFA-git/LUFA/Drivers/USB/Core/AVR8/../AVR8/../AVR8/USBController_AVR8.h ****  */
  47:../../tmk_core/protocol/lufa/LUFA-git/LUFA/Drivers/USB/Core/AVR8/../AVR8/../AVR8/USBController_AVR8.h **** 
  48:../../tmk_core/protocol/lufa/LUFA-git/LUFA/Drivers/USB/Core/AVR8/../AVR8/../AVR8/USBController_AVR8.h **** #ifndef __USBCONTROLLER_AVR8_H__
  49:../../tmk_core/protocol/lufa/LUFA-git/LUFA/Drivers/USB/Core/AVR8/../AVR8/../AVR8/USBController_AVR8.h **** #define __USBCONTROLLER_AVR8_H__
  50:../../tmk_core/protocol/lufa/LUFA-git/LUFA/Drivers/USB/Core/AVR8/../AVR8/../AVR8/USBController_AVR8.h **** 
  51:../../tmk_core/protocol/lufa/LUFA-git/LUFA/Drivers/USB/Core/AVR8/../AVR8/../AVR8/USBController_AVR8.h **** 	/* Includes: */
  52:../../tmk_core/protocol/lufa/LUFA-git/LUFA/Drivers/USB/Core/AVR8/../AVR8/../AVR8/USBController_AVR8.h **** 		#include "../../../../Common/Common.h"
  53:../../tmk_core/protocol/lufa/LUFA-git/LUFA/Drivers/USB/Core/AVR8/../AVR8/../AVR8/USBController_AVR8.h **** 		#include "../USBMode.h"
  54:../../tmk_core/protocol/lufa/LUFA-git/LUFA/Drivers/USB/Core/AVR8/../AVR8/../AVR8/USBController_AVR8.h **** 		#include "../Events.h"
  55:../../tmk_core/protocol/lufa/LUFA-git/LUFA/Drivers/USB/Core/AVR8/../AVR8/../AVR8/USBController_AVR8.h **** 		#include "../USBTask.h"
  56:../../tmk_core/protocol/lufa/LUFA-git/LUFA/Drivers/USB/Core/AVR8/../AVR8/../AVR8/USBController_AVR8.h **** 		#include "../USBInterrupt.h"
  57:../../tmk_core/protocol/lufa/LUFA-git/LUFA/Drivers/USB/Core/AVR8/../AVR8/../AVR8/USBController_AVR8.h **** 
  58:../../tmk_core/protocol/lufa/LUFA-git/LUFA/Drivers/USB/Core/AVR8/../AVR8/../AVR8/USBController_AVR8.h **** 		#if defined(USB_CAN_BE_HOST) || defined(__DOXYGEN__)
  59:../../tmk_core/protocol/lufa/LUFA-git/LUFA/Drivers/USB/Core/AVR8/../AVR8/../AVR8/USBController_AVR8.h **** 			#include "../Host.h"
  60:../../tmk_core/protocol/lufa/LUFA-git/LUFA/Drivers/USB/Core/AVR8/../AVR8/../AVR8/USBController_AVR8.h **** 			#include "../OTG.h"
  61:../../tmk_core/protocol/lufa/LUFA-git/LUFA/Drivers/USB/Core/AVR8/../AVR8/../AVR8/USBController_AVR8.h **** 			#include "../Pipe.h"
  62:../../tmk_core/protocol/lufa/LUFA-git/LUFA/Drivers/USB/Core/AVR8/../AVR8/../AVR8/USBController_AVR8.h **** 			#include "../HostStandardReq.h"
  63:../../tmk_core/protocol/lufa/LUFA-git/LUFA/Drivers/USB/Core/AVR8/../AVR8/../AVR8/USBController_AVR8.h **** 			#include "../PipeStream.h"
  64:../../tmk_core/protocol/lufa/LUFA-git/LUFA/Drivers/USB/Core/AVR8/../AVR8/../AVR8/USBController_AVR8.h **** 		#endif
  65:../../tmk_core/protocol/lufa/LUFA-git/LUFA/Drivers/USB/Core/AVR8/../AVR8/../AVR8/USBController_AVR8.h **** 
  66:../../tmk_core/protocol/lufa/LUFA-git/LUFA/Drivers/USB/Core/AVR8/../AVR8/../AVR8/USBController_AVR8.h **** 		#if defined(USB_CAN_BE_DEVICE) || defined(__DOXYGEN__)
  67:../../tmk_core/protocol/lufa/LUFA-git/LUFA/Drivers/USB/Core/AVR8/../AVR8/../AVR8/USBController_AVR8.h **** 			#include "../Device.h"
  68:../../tmk_core/protocol/lufa/LUFA-git/LUFA/Drivers/USB/Core/AVR8/../AVR8/../AVR8/USBController_AVR8.h **** 			#include "../Endpoint.h"
  69:../../tmk_core/protocol/lufa/LUFA-git/LUFA/Drivers/USB/Core/AVR8/../AVR8/../AVR8/USBController_AVR8.h **** 			#include "../DeviceStandardReq.h"
  70:../../tmk_core/protocol/lufa/LUFA-git/LUFA/Drivers/USB/Core/AVR8/../AVR8/../AVR8/USBController_AVR8.h **** 			#include "../EndpointStream.h"
  71:../../tmk_core/protocol/lufa/LUFA-git/LUFA/Drivers/USB/Core/AVR8/../AVR8/../AVR8/USBController_AVR8.h **** 		#endif
  72:../../tmk_core/protocol/lufa/LUFA-git/LUFA/Drivers/USB/Core/AVR8/../AVR8/../AVR8/USBController_AVR8.h **** 
  73:../../tmk_core/protocol/lufa/LUFA-git/LUFA/Drivers/USB/Core/AVR8/../AVR8/../AVR8/USBController_AVR8.h **** 	/* Enable C linkage for C++ Compilers: */
  74:../../tmk_core/protocol/lufa/LUFA-git/LUFA/Drivers/USB/Core/AVR8/../AVR8/../AVR8/USBController_AVR8.h **** 		#if defined(__cplusplus)
  75:../../tmk_core/protocol/lufa/LUFA-git/LUFA/Drivers/USB/Core/AVR8/../AVR8/../AVR8/USBController_AVR8.h **** 			extern "C" {
  76:../../tmk_core/protocol/lufa/LUFA-git/LUFA/Drivers/USB/Core/AVR8/../AVR8/../AVR8/USBController_AVR8.h **** 		#endif
  77:../../tmk_core/protocol/lufa/LUFA-git/LUFA/Drivers/USB/Core/AVR8/../AVR8/../AVR8/USBController_AVR8.h **** 
  78:../../tmk_core/protocol/lufa/LUFA-git/LUFA/Drivers/USB/Core/AVR8/../AVR8/../AVR8/USBController_AVR8.h **** 	/* Preprocessor Checks and Defines: */
  79:../../tmk_core/protocol/lufa/LUFA-git/LUFA/Drivers/USB/Core/AVR8/../AVR8/../AVR8/USBController_AVR8.h **** 		#if !defined(__INCLUDE_FROM_USB_DRIVER)
  80:../../tmk_core/protocol/lufa/LUFA-git/LUFA/Drivers/USB/Core/AVR8/../AVR8/../AVR8/USBController_AVR8.h **** 			#error Do not include this file directly. Include LUFA/Drivers/USB/USB.h instead.
  81:../../tmk_core/protocol/lufa/LUFA-git/LUFA/Drivers/USB/Core/AVR8/../AVR8/../AVR8/USBController_AVR8.h **** 		#endif
  82:../../tmk_core/protocol/lufa/LUFA-git/LUFA/Drivers/USB/Core/AVR8/../AVR8/../AVR8/USBController_AVR8.h **** 
  83:../../tmk_core/protocol/lufa/LUFA-git/LUFA/Drivers/USB/Core/AVR8/../AVR8/../AVR8/USBController_AVR8.h **** 		#if !defined(F_USB)
  84:../../tmk_core/protocol/lufa/LUFA-git/LUFA/Drivers/USB/Core/AVR8/../AVR8/../AVR8/USBController_AVR8.h **** 			#error F_USB is not defined. You must define F_USB to the frequency of the unprescaled USB contr
  85:../../tmk_core/protocol/lufa/LUFA-git/LUFA/Drivers/USB/Core/AVR8/../AVR8/../AVR8/USBController_AVR8.h **** 		#endif
  86:../../tmk_core/protocol/lufa/LUFA-git/LUFA/Drivers/USB/Core/AVR8/../AVR8/../AVR8/USBController_AVR8.h **** 
  87:../../tmk_core/protocol/lufa/LUFA-git/LUFA/Drivers/USB/Core/AVR8/../AVR8/../AVR8/USBController_AVR8.h **** 		#if (F_USB == 8000000)
  88:../../tmk_core/protocol/lufa/LUFA-git/LUFA/Drivers/USB/Core/AVR8/../AVR8/../AVR8/USBController_AVR8.h **** 			#if (defined(__AVR_AT90USB82__) || defined(__AVR_AT90USB162__) || \
  89:../../tmk_core/protocol/lufa/LUFA-git/LUFA/Drivers/USB/Core/AVR8/../AVR8/../AVR8/USBController_AVR8.h **** 			     defined(__AVR_ATmega8U2__) || defined(__AVR_ATmega16U2__) || \
  90:../../tmk_core/protocol/lufa/LUFA-git/LUFA/Drivers/USB/Core/AVR8/../AVR8/../AVR8/USBController_AVR8.h **** 			     defined(__AVR_ATmega32U2__))
  91:../../tmk_core/protocol/lufa/LUFA-git/LUFA/Drivers/USB/Core/AVR8/../AVR8/../AVR8/USBController_AVR8.h **** 				#define USB_PLL_PSC                0
  92:../../tmk_core/protocol/lufa/LUFA-git/LUFA/Drivers/USB/Core/AVR8/../AVR8/../AVR8/USBController_AVR8.h **** 			#elif (defined(__AVR_ATmega16U4__) || defined(__AVR_ATmega32U4__))
  93:../../tmk_core/protocol/lufa/LUFA-git/LUFA/Drivers/USB/Core/AVR8/../AVR8/../AVR8/USBController_AVR8.h **** 				#define USB_PLL_PSC                0
  94:../../tmk_core/protocol/lufa/LUFA-git/LUFA/Drivers/USB/Core/AVR8/../AVR8/../AVR8/USBController_AVR8.h **** 			#elif (defined(__AVR_AT90USB646__)  || defined(__AVR_AT90USB1286__))
  95:../../tmk_core/protocol/lufa/LUFA-git/LUFA/Drivers/USB/Core/AVR8/../AVR8/../AVR8/USBController_AVR8.h **** 				#define USB_PLL_PSC                ((1 << PLLP1) | (1 << PLLP0))
  96:../../tmk_core/protocol/lufa/LUFA-git/LUFA/Drivers/USB/Core/AVR8/../AVR8/../AVR8/USBController_AVR8.h **** 			#elif (defined(__AVR_AT90USB647__)  || defined(__AVR_AT90USB1287__))
  97:../../tmk_core/protocol/lufa/LUFA-git/LUFA/Drivers/USB/Core/AVR8/../AVR8/../AVR8/USBController_AVR8.h **** 				#define USB_PLL_PSC                ((1 << PLLP1) | (1 << PLLP0))
  98:../../tmk_core/protocol/lufa/LUFA-git/LUFA/Drivers/USB/Core/AVR8/../AVR8/../AVR8/USBController_AVR8.h **** 			#endif
  99:../../tmk_core/protocol/lufa/LUFA-git/LUFA/Drivers/USB/Core/AVR8/../AVR8/../AVR8/USBController_AVR8.h **** 		#elif (F_USB == 16000000)
 100:../../tmk_core/protocol/lufa/LUFA-git/LUFA/Drivers/USB/Core/AVR8/../AVR8/../AVR8/USBController_AVR8.h **** 			#if (defined(__AVR_AT90USB82__) || defined(__AVR_AT90USB162__) || \
 101:../../tmk_core/protocol/lufa/LUFA-git/LUFA/Drivers/USB/Core/AVR8/../AVR8/../AVR8/USBController_AVR8.h **** 			     defined(__AVR_ATmega8U2__) || defined(__AVR_ATmega16U2__) || \
 102:../../tmk_core/protocol/lufa/LUFA-git/LUFA/Drivers/USB/Core/AVR8/../AVR8/../AVR8/USBController_AVR8.h **** 			     defined(__AVR_ATmega32U2__))
 103:../../tmk_core/protocol/lufa/LUFA-git/LUFA/Drivers/USB/Core/AVR8/../AVR8/../AVR8/USBController_AVR8.h **** 				#define USB_PLL_PSC                (1 << PLLP0)
 104:../../tmk_core/protocol/lufa/LUFA-git/LUFA/Drivers/USB/Core/AVR8/../AVR8/../AVR8/USBController_AVR8.h **** 			#elif (defined(__AVR_ATmega16U4__) || defined(__AVR_ATmega32U4__))
 105:../../tmk_core/protocol/lufa/LUFA-git/LUFA/Drivers/USB/Core/AVR8/../AVR8/../AVR8/USBController_AVR8.h **** 				#define USB_PLL_PSC                (1 << PINDIV)
 106:../../tmk_core/protocol/lufa/LUFA-git/LUFA/Drivers/USB/Core/AVR8/../AVR8/../AVR8/USBController_AVR8.h **** 			#elif (defined(__AVR_AT90USB646__) || defined(__AVR_AT90USB647__))
 107:../../tmk_core/protocol/lufa/LUFA-git/LUFA/Drivers/USB/Core/AVR8/../AVR8/../AVR8/USBController_AVR8.h **** 				#define USB_PLL_PSC                ((1 << PLLP2) | (1 << PLLP1))
 108:../../tmk_core/protocol/lufa/LUFA-git/LUFA/Drivers/USB/Core/AVR8/../AVR8/../AVR8/USBController_AVR8.h **** 			#elif (defined(__AVR_AT90USB1286__) || defined(__AVR_AT90USB1287__))
 109:../../tmk_core/protocol/lufa/LUFA-git/LUFA/Drivers/USB/Core/AVR8/../AVR8/../AVR8/USBController_AVR8.h **** 				#define USB_PLL_PSC                ((1 << PLLP2) | (1 << PLLP0))
 110:../../tmk_core/protocol/lufa/LUFA-git/LUFA/Drivers/USB/Core/AVR8/../AVR8/../AVR8/USBController_AVR8.h **** 			#endif
 111:../../tmk_core/protocol/lufa/LUFA-git/LUFA/Drivers/USB/Core/AVR8/../AVR8/../AVR8/USBController_AVR8.h **** 		#endif
 112:../../tmk_core/protocol/lufa/LUFA-git/LUFA/Drivers/USB/Core/AVR8/../AVR8/../AVR8/USBController_AVR8.h **** 
 113:../../tmk_core/protocol/lufa/LUFA-git/LUFA/Drivers/USB/Core/AVR8/../AVR8/../AVR8/USBController_AVR8.h **** 		#if !defined(USB_PLL_PSC)
 114:../../tmk_core/protocol/lufa/LUFA-git/LUFA/Drivers/USB/Core/AVR8/../AVR8/../AVR8/USBController_AVR8.h **** 			#error No PLL prescale value available for chosen F_USB value and AVR model.
 115:../../tmk_core/protocol/lufa/LUFA-git/LUFA/Drivers/USB/Core/AVR8/../AVR8/../AVR8/USBController_AVR8.h **** 		#endif
 116:../../tmk_core/protocol/lufa/LUFA-git/LUFA/Drivers/USB/Core/AVR8/../AVR8/../AVR8/USBController_AVR8.h **** 
 117:../../tmk_core/protocol/lufa/LUFA-git/LUFA/Drivers/USB/Core/AVR8/../AVR8/../AVR8/USBController_AVR8.h **** 	/* Public Interface - May be used in end-application: */
 118:../../tmk_core/protocol/lufa/LUFA-git/LUFA/Drivers/USB/Core/AVR8/../AVR8/../AVR8/USBController_AVR8.h **** 		/* Macros: */
 119:../../tmk_core/protocol/lufa/LUFA-git/LUFA/Drivers/USB/Core/AVR8/../AVR8/../AVR8/USBController_AVR8.h **** 			/** \name USB Controller Option Masks */
 120:../../tmk_core/protocol/lufa/LUFA-git/LUFA/Drivers/USB/Core/AVR8/../AVR8/../AVR8/USBController_AVR8.h **** 			//@{
 121:../../tmk_core/protocol/lufa/LUFA-git/LUFA/Drivers/USB/Core/AVR8/../AVR8/../AVR8/USBController_AVR8.h **** 			/** Regulator disable option mask for \ref USB_Init(). This indicates that the internal 3.3V USB
 122:../../tmk_core/protocol/lufa/LUFA-git/LUFA/Drivers/USB/Core/AVR8/../AVR8/../AVR8/USBController_AVR8.h **** 			 *  regulator should be disabled and the AVR's VCC level used for the data pads.
 123:../../tmk_core/protocol/lufa/LUFA-git/LUFA/Drivers/USB/Core/AVR8/../AVR8/../AVR8/USBController_AVR8.h **** 			 *
 124:../../tmk_core/protocol/lufa/LUFA-git/LUFA/Drivers/USB/Core/AVR8/../AVR8/../AVR8/USBController_AVR8.h **** 			 *  \note See USB AVR data sheet for more information on the internal pad regulator.
 125:../../tmk_core/protocol/lufa/LUFA-git/LUFA/Drivers/USB/Core/AVR8/../AVR8/../AVR8/USBController_AVR8.h **** 			 */
 126:../../tmk_core/protocol/lufa/LUFA-git/LUFA/Drivers/USB/Core/AVR8/../AVR8/../AVR8/USBController_AVR8.h **** 			#define USB_OPT_REG_DISABLED               (1 << 1)
 127:../../tmk_core/protocol/lufa/LUFA-git/LUFA/Drivers/USB/Core/AVR8/../AVR8/../AVR8/USBController_AVR8.h **** 
 128:../../tmk_core/protocol/lufa/LUFA-git/LUFA/Drivers/USB/Core/AVR8/../AVR8/../AVR8/USBController_AVR8.h **** 			/** Regulator enable option mask for \ref USB_Init(). This indicates that the internal 3.3V USB 
 129:../../tmk_core/protocol/lufa/LUFA-git/LUFA/Drivers/USB/Core/AVR8/../AVR8/../AVR8/USBController_AVR8.h **** 			 *  regulator should be enabled to regulate the data pin voltages from the VBUS level down to a 
 130:../../tmk_core/protocol/lufa/LUFA-git/LUFA/Drivers/USB/Core/AVR8/../AVR8/../AVR8/USBController_AVR8.h **** 			 *  the range allowable by the USB standard.
 131:../../tmk_core/protocol/lufa/LUFA-git/LUFA/Drivers/USB/Core/AVR8/../AVR8/../AVR8/USBController_AVR8.h **** 			 *
 132:../../tmk_core/protocol/lufa/LUFA-git/LUFA/Drivers/USB/Core/AVR8/../AVR8/../AVR8/USBController_AVR8.h **** 			 *  \note See USB AVR data sheet for more information on the internal pad regulator.
 133:../../tmk_core/protocol/lufa/LUFA-git/LUFA/Drivers/USB/Core/AVR8/../AVR8/../AVR8/USBController_AVR8.h **** 			 */
 134:../../tmk_core/protocol/lufa/LUFA-git/LUFA/Drivers/USB/Core/AVR8/../AVR8/../AVR8/USBController_AVR8.h **** 			#define USB_OPT_REG_ENABLED                (0 << 1)
 135:../../tmk_core/protocol/lufa/LUFA-git/LUFA/Drivers/USB/Core/AVR8/../AVR8/../AVR8/USBController_AVR8.h **** 
 136:../../tmk_core/protocol/lufa/LUFA-git/LUFA/Drivers/USB/Core/AVR8/../AVR8/../AVR8/USBController_AVR8.h **** 			/** Option mask for \ref USB_Init() to keep regulator enabled at all times. Indicates that \ref 
 137:../../tmk_core/protocol/lufa/LUFA-git/LUFA/Drivers/USB/Core/AVR8/../AVR8/../AVR8/USBController_AVR8.h **** 			 *  should not disable the regulator as it would otherwise. Has no effect if regulator is disabl
 138:../../tmk_core/protocol/lufa/LUFA-git/LUFA/Drivers/USB/Core/AVR8/../AVR8/../AVR8/USBController_AVR8.h **** 			 *  \ref USB_OPT_REG_DISABLED.
 139:../../tmk_core/protocol/lufa/LUFA-git/LUFA/Drivers/USB/Core/AVR8/../AVR8/../AVR8/USBController_AVR8.h **** 			 *
 140:../../tmk_core/protocol/lufa/LUFA-git/LUFA/Drivers/USB/Core/AVR8/../AVR8/../AVR8/USBController_AVR8.h **** 			 *  \note See USB AVR data sheet for more information on the internal pad regulator.
 141:../../tmk_core/protocol/lufa/LUFA-git/LUFA/Drivers/USB/Core/AVR8/../AVR8/../AVR8/USBController_AVR8.h **** 			 */
 142:../../tmk_core/protocol/lufa/LUFA-git/LUFA/Drivers/USB/Core/AVR8/../AVR8/../AVR8/USBController_AVR8.h **** 			#define USB_OPT_REG_KEEP_ENABLED           (1 << 3)
 143:../../tmk_core/protocol/lufa/LUFA-git/LUFA/Drivers/USB/Core/AVR8/../AVR8/../AVR8/USBController_AVR8.h **** 
 144:../../tmk_core/protocol/lufa/LUFA-git/LUFA/Drivers/USB/Core/AVR8/../AVR8/../AVR8/USBController_AVR8.h **** 			/** Manual PLL control option mask for \ref USB_Init(). This indicates to the library that the u
 145:../../tmk_core/protocol/lufa/LUFA-git/LUFA/Drivers/USB/Core/AVR8/../AVR8/../AVR8/USBController_AVR8.h **** 			 *  will take full responsibility for controlling the AVR's PLL (used to generate the high frequ
 146:../../tmk_core/protocol/lufa/LUFA-git/LUFA/Drivers/USB/Core/AVR8/../AVR8/../AVR8/USBController_AVR8.h **** 			 *  that the USB controller requires) and ensuring that it is locked at the correct frequency fo
 147:../../tmk_core/protocol/lufa/LUFA-git/LUFA/Drivers/USB/Core/AVR8/../AVR8/../AVR8/USBController_AVR8.h **** 			 */
 148:../../tmk_core/protocol/lufa/LUFA-git/LUFA/Drivers/USB/Core/AVR8/../AVR8/../AVR8/USBController_AVR8.h **** 			#define USB_OPT_MANUAL_PLL                 (1 << 2)
 149:../../tmk_core/protocol/lufa/LUFA-git/LUFA/Drivers/USB/Core/AVR8/../AVR8/../AVR8/USBController_AVR8.h **** 
 150:../../tmk_core/protocol/lufa/LUFA-git/LUFA/Drivers/USB/Core/AVR8/../AVR8/../AVR8/USBController_AVR8.h **** 			/** Automatic PLL control option mask for \ref USB_Init(). This indicates to the library that th
 151:../../tmk_core/protocol/lufa/LUFA-git/LUFA/Drivers/USB/Core/AVR8/../AVR8/../AVR8/USBController_AVR8.h **** 			 *  take full responsibility for controlling the AVR's PLL (used to generate the high frequency 
 152:../../tmk_core/protocol/lufa/LUFA-git/LUFA/Drivers/USB/Core/AVR8/../AVR8/../AVR8/USBController_AVR8.h **** 			 *  that the USB controller requires) and ensuring that it is locked at the correct frequency fo
 153:../../tmk_core/protocol/lufa/LUFA-git/LUFA/Drivers/USB/Core/AVR8/../AVR8/../AVR8/USBController_AVR8.h **** 			 */
 154:../../tmk_core/protocol/lufa/LUFA-git/LUFA/Drivers/USB/Core/AVR8/../AVR8/../AVR8/USBController_AVR8.h **** 			#define USB_OPT_AUTO_PLL                   (0 << 2)
 155:../../tmk_core/protocol/lufa/LUFA-git/LUFA/Drivers/USB/Core/AVR8/../AVR8/../AVR8/USBController_AVR8.h **** 			//@}
 156:../../tmk_core/protocol/lufa/LUFA-git/LUFA/Drivers/USB/Core/AVR8/../AVR8/../AVR8/USBController_AVR8.h **** 
 157:../../tmk_core/protocol/lufa/LUFA-git/LUFA/Drivers/USB/Core/AVR8/../AVR8/../AVR8/USBController_AVR8.h **** 			#if !defined(USB_STREAM_TIMEOUT_MS) || defined(__DOXYGEN__)
 158:../../tmk_core/protocol/lufa/LUFA-git/LUFA/Drivers/USB/Core/AVR8/../AVR8/../AVR8/USBController_AVR8.h **** 				/** Constant for the maximum software timeout period of the USB data stream transfer functions
 159:../../tmk_core/protocol/lufa/LUFA-git/LUFA/Drivers/USB/Core/AVR8/../AVR8/../AVR8/USBController_AVR8.h **** 				 *  (both control and standard) when in either device or host mode. If the next packet of a str
 160:../../tmk_core/protocol/lufa/LUFA-git/LUFA/Drivers/USB/Core/AVR8/../AVR8/../AVR8/USBController_AVR8.h **** 				 *  is not received or acknowledged within this time period, the stream function will fail.
 161:../../tmk_core/protocol/lufa/LUFA-git/LUFA/Drivers/USB/Core/AVR8/../AVR8/../AVR8/USBController_AVR8.h **** 				 *
 162:../../tmk_core/protocol/lufa/LUFA-git/LUFA/Drivers/USB/Core/AVR8/../AVR8/../AVR8/USBController_AVR8.h **** 				 *  This value may be overridden in the user project makefile as the value of the
 163:../../tmk_core/protocol/lufa/LUFA-git/LUFA/Drivers/USB/Core/AVR8/../AVR8/../AVR8/USBController_AVR8.h **** 				 *  \ref USB_STREAM_TIMEOUT_MS token, and passed to the compiler using the -D switch.
 164:../../tmk_core/protocol/lufa/LUFA-git/LUFA/Drivers/USB/Core/AVR8/../AVR8/../AVR8/USBController_AVR8.h **** 				 */
 165:../../tmk_core/protocol/lufa/LUFA-git/LUFA/Drivers/USB/Core/AVR8/../AVR8/../AVR8/USBController_AVR8.h **** 				#define USB_STREAM_TIMEOUT_MS       100
 166:../../tmk_core/protocol/lufa/LUFA-git/LUFA/Drivers/USB/Core/AVR8/../AVR8/../AVR8/USBController_AVR8.h **** 			#endif
 167:../../tmk_core/protocol/lufa/LUFA-git/LUFA/Drivers/USB/Core/AVR8/../AVR8/../AVR8/USBController_AVR8.h **** 
 168:../../tmk_core/protocol/lufa/LUFA-git/LUFA/Drivers/USB/Core/AVR8/../AVR8/../AVR8/USBController_AVR8.h **** 		/* Inline Functions: */
 169:../../tmk_core/protocol/lufa/LUFA-git/LUFA/Drivers/USB/Core/AVR8/../AVR8/../AVR8/USBController_AVR8.h **** 			#if defined(USB_SERIES_4_AVR) || defined(USB_SERIES_6_AVR) || defined(USB_SERIES_7_AVR) || defin
 170:../../tmk_core/protocol/lufa/LUFA-git/LUFA/Drivers/USB/Core/AVR8/../AVR8/../AVR8/USBController_AVR8.h **** 				/** Determines if the VBUS line is currently high (i.e. the USB host is supplying power).
 171:../../tmk_core/protocol/lufa/LUFA-git/LUFA/Drivers/USB/Core/AVR8/../AVR8/../AVR8/USBController_AVR8.h **** 				 *
 172:../../tmk_core/protocol/lufa/LUFA-git/LUFA/Drivers/USB/Core/AVR8/../AVR8/../AVR8/USBController_AVR8.h **** 				 *  \note This function is not available on some AVR models which do not support hardware VBUS 
 173:../../tmk_core/protocol/lufa/LUFA-git/LUFA/Drivers/USB/Core/AVR8/../AVR8/../AVR8/USBController_AVR8.h **** 				 *
 174:../../tmk_core/protocol/lufa/LUFA-git/LUFA/Drivers/USB/Core/AVR8/../AVR8/../AVR8/USBController_AVR8.h **** 				 *  \return Boolean \c true if the VBUS line is currently detecting power from a host, \c false
 175:../../tmk_core/protocol/lufa/LUFA-git/LUFA/Drivers/USB/Core/AVR8/../AVR8/../AVR8/USBController_AVR8.h **** 				 */
 176:../../tmk_core/protocol/lufa/LUFA-git/LUFA/Drivers/USB/Core/AVR8/../AVR8/../AVR8/USBController_AVR8.h **** 				static inline bool USB_VBUS_GetStatus(void) ATTR_WARN_UNUSED_RESULT ATTR_ALWAYS_INLINE;
 177:../../tmk_core/protocol/lufa/LUFA-git/LUFA/Drivers/USB/Core/AVR8/../AVR8/../AVR8/USBController_AVR8.h **** 				static inline bool USB_VBUS_GetStatus(void)
 178:../../tmk_core/protocol/lufa/LUFA-git/LUFA/Drivers/USB/Core/AVR8/../AVR8/../AVR8/USBController_AVR8.h **** 				{
 179:../../tmk_core/protocol/lufa/LUFA-git/LUFA/Drivers/USB/Core/AVR8/../AVR8/../AVR8/USBController_AVR8.h **** 					return ((USBSTA & (1 << VBUS)) ? true : false);
 180:../../tmk_core/protocol/lufa/LUFA-git/LUFA/Drivers/USB/Core/AVR8/../AVR8/../AVR8/USBController_AVR8.h **** 				}
 181:../../tmk_core/protocol/lufa/LUFA-git/LUFA/Drivers/USB/Core/AVR8/../AVR8/../AVR8/USBController_AVR8.h **** 			#endif
 182:../../tmk_core/protocol/lufa/LUFA-git/LUFA/Drivers/USB/Core/AVR8/../AVR8/../AVR8/USBController_AVR8.h **** 
 183:../../tmk_core/protocol/lufa/LUFA-git/LUFA/Drivers/USB/Core/AVR8/../AVR8/../AVR8/USBController_AVR8.h **** 			/** Detaches the device from the USB bus. This has the effect of removing the device from any
 184:../../tmk_core/protocol/lufa/LUFA-git/LUFA/Drivers/USB/Core/AVR8/../AVR8/../AVR8/USBController_AVR8.h **** 			 *  attached host, ceasing USB communications. If no host is present, this prevents any host fro
 185:../../tmk_core/protocol/lufa/LUFA-git/LUFA/Drivers/USB/Core/AVR8/../AVR8/../AVR8/USBController_AVR8.h **** 			 *  enumerating the device once attached until \ref USB_Attach() is called.
 186:../../tmk_core/protocol/lufa/LUFA-git/LUFA/Drivers/USB/Core/AVR8/../AVR8/../AVR8/USBController_AVR8.h **** 			 */
 187:../../tmk_core/protocol/lufa/LUFA-git/LUFA/Drivers/USB/Core/AVR8/../AVR8/../AVR8/USBController_AVR8.h **** 			static inline void USB_Detach(void) ATTR_ALWAYS_INLINE;
 188:../../tmk_core/protocol/lufa/LUFA-git/LUFA/Drivers/USB/Core/AVR8/../AVR8/../AVR8/USBController_AVR8.h **** 			static inline void USB_Detach(void)
 189:../../tmk_core/protocol/lufa/LUFA-git/LUFA/Drivers/USB/Core/AVR8/../AVR8/../AVR8/USBController_AVR8.h **** 			{
 190:../../tmk_core/protocol/lufa/LUFA-git/LUFA/Drivers/USB/Core/AVR8/../AVR8/../AVR8/USBController_AVR8.h **** 				UDCON  |=  (1 << DETACH);
 191:../../tmk_core/protocol/lufa/LUFA-git/LUFA/Drivers/USB/Core/AVR8/../AVR8/../AVR8/USBController_AVR8.h **** 			}
 192:../../tmk_core/protocol/lufa/LUFA-git/LUFA/Drivers/USB/Core/AVR8/../AVR8/../AVR8/USBController_AVR8.h **** 
 193:../../tmk_core/protocol/lufa/LUFA-git/LUFA/Drivers/USB/Core/AVR8/../AVR8/../AVR8/USBController_AVR8.h **** 			/** Attaches the device to the USB bus. This announces the device's presence to any attached
 194:../../tmk_core/protocol/lufa/LUFA-git/LUFA/Drivers/USB/Core/AVR8/../AVR8/../AVR8/USBController_AVR8.h **** 			 *  USB host, starting the enumeration process. If no host is present, attaching the device
 195:../../tmk_core/protocol/lufa/LUFA-git/LUFA/Drivers/USB/Core/AVR8/../AVR8/../AVR8/USBController_AVR8.h **** 			 *  will allow for enumeration once a host is connected to the device.
 196:../../tmk_core/protocol/lufa/LUFA-git/LUFA/Drivers/USB/Core/AVR8/../AVR8/../AVR8/USBController_AVR8.h **** 			 *
 197:../../tmk_core/protocol/lufa/LUFA-git/LUFA/Drivers/USB/Core/AVR8/../AVR8/../AVR8/USBController_AVR8.h **** 			 *  This is inexplicably also required for proper operation while in host mode, to enable the
 198:../../tmk_core/protocol/lufa/LUFA-git/LUFA/Drivers/USB/Core/AVR8/../AVR8/../AVR8/USBController_AVR8.h **** 			 *  attachment of a device to the host. This is despite the bit being located in the device-mode
 199:../../tmk_core/protocol/lufa/LUFA-git/LUFA/Drivers/USB/Core/AVR8/../AVR8/../AVR8/USBController_AVR8.h **** 			 *  register and despite the datasheet making no mention of its requirement in host mode.
 200:../../tmk_core/protocol/lufa/LUFA-git/LUFA/Drivers/USB/Core/AVR8/../AVR8/../AVR8/USBController_AVR8.h **** 			 */
 201:../../tmk_core/protocol/lufa/LUFA-git/LUFA/Drivers/USB/Core/AVR8/../AVR8/../AVR8/USBController_AVR8.h **** 			static inline void USB_Attach(void) ATTR_ALWAYS_INLINE;
 202:../../tmk_core/protocol/lufa/LUFA-git/LUFA/Drivers/USB/Core/AVR8/../AVR8/../AVR8/USBController_AVR8.h **** 			static inline void USB_Attach(void)
 203:../../tmk_core/protocol/lufa/LUFA-git/LUFA/Drivers/USB/Core/AVR8/../AVR8/../AVR8/USBController_AVR8.h **** 			{
 204:../../tmk_core/protocol/lufa/LUFA-git/LUFA/Drivers/USB/Core/AVR8/../AVR8/../AVR8/USBController_AVR8.h **** 				UDCON  &= ~(1 << DETACH);
 205:../../tmk_core/protocol/lufa/LUFA-git/LUFA/Drivers/USB/Core/AVR8/../AVR8/../AVR8/USBController_AVR8.h **** 			}
 206:../../tmk_core/protocol/lufa/LUFA-git/LUFA/Drivers/USB/Core/AVR8/../AVR8/../AVR8/USBController_AVR8.h **** 
 207:../../tmk_core/protocol/lufa/LUFA-git/LUFA/Drivers/USB/Core/AVR8/../AVR8/../AVR8/USBController_AVR8.h **** 		/* Function Prototypes: */
 208:../../tmk_core/protocol/lufa/LUFA-git/LUFA/Drivers/USB/Core/AVR8/../AVR8/../AVR8/USBController_AVR8.h **** 			/** Main function to initialize and start the USB interface. Once active, the USB interface will
 209:../../tmk_core/protocol/lufa/LUFA-git/LUFA/Drivers/USB/Core/AVR8/../AVR8/../AVR8/USBController_AVR8.h **** 			 *  allow for device connection to a host when in device mode, or for device enumeration while i
 210:../../tmk_core/protocol/lufa/LUFA-git/LUFA/Drivers/USB/Core/AVR8/../AVR8/../AVR8/USBController_AVR8.h **** 			 *  host mode.
 211:../../tmk_core/protocol/lufa/LUFA-git/LUFA/Drivers/USB/Core/AVR8/../AVR8/../AVR8/USBController_AVR8.h **** 			 *
 212:../../tmk_core/protocol/lufa/LUFA-git/LUFA/Drivers/USB/Core/AVR8/../AVR8/../AVR8/USBController_AVR8.h **** 			 *  As the USB library relies on interrupts for the device and host mode enumeration processes,
 213:../../tmk_core/protocol/lufa/LUFA-git/LUFA/Drivers/USB/Core/AVR8/../AVR8/../AVR8/USBController_AVR8.h **** 			 *  the user must enable global interrupts before or shortly after this function is called. In
 214:../../tmk_core/protocol/lufa/LUFA-git/LUFA/Drivers/USB/Core/AVR8/../AVR8/../AVR8/USBController_AVR8.h **** 			 *  device mode, interrupts must be enabled within 500ms of this function being called to ensure
 215:../../tmk_core/protocol/lufa/LUFA-git/LUFA/Drivers/USB/Core/AVR8/../AVR8/../AVR8/USBController_AVR8.h **** 			 *  that the host does not time out whilst enumerating the device. In host mode, interrupts may 
 216:../../tmk_core/protocol/lufa/LUFA-git/LUFA/Drivers/USB/Core/AVR8/../AVR8/../AVR8/USBController_AVR8.h **** 			 *  enabled at the application's leisure however enumeration will not begin of an attached devic
 217:../../tmk_core/protocol/lufa/LUFA-git/LUFA/Drivers/USB/Core/AVR8/../AVR8/../AVR8/USBController_AVR8.h **** 			 *  until after this has occurred.
 218:../../tmk_core/protocol/lufa/LUFA-git/LUFA/Drivers/USB/Core/AVR8/../AVR8/../AVR8/USBController_AVR8.h **** 			 *
 219:../../tmk_core/protocol/lufa/LUFA-git/LUFA/Drivers/USB/Core/AVR8/../AVR8/../AVR8/USBController_AVR8.h **** 			 *  Calling this function when the USB interface is already initialized will cause a complete US
 220:../../tmk_core/protocol/lufa/LUFA-git/LUFA/Drivers/USB/Core/AVR8/../AVR8/../AVR8/USBController_AVR8.h **** 			 *  interface reset and re-enumeration.
 221:../../tmk_core/protocol/lufa/LUFA-git/LUFA/Drivers/USB/Core/AVR8/../AVR8/../AVR8/USBController_AVR8.h **** 			 *
 222:../../tmk_core/protocol/lufa/LUFA-git/LUFA/Drivers/USB/Core/AVR8/../AVR8/../AVR8/USBController_AVR8.h **** 			 *  \param[in] Mode     Mask indicating what mode the USB interface is to be initialized to, a v
 223:../../tmk_core/protocol/lufa/LUFA-git/LUFA/Drivers/USB/Core/AVR8/../AVR8/../AVR8/USBController_AVR8.h **** 			 *                      from the \ref USB_Modes_t enum.
 224:../../tmk_core/protocol/lufa/LUFA-git/LUFA/Drivers/USB/Core/AVR8/../AVR8/../AVR8/USBController_AVR8.h **** 			 *                      \note This parameter does not exist on devices with only one supported U
 225:../../tmk_core/protocol/lufa/LUFA-git/LUFA/Drivers/USB/Core/AVR8/../AVR8/../AVR8/USBController_AVR8.h **** 			 *                            mode (device or host).
 226:../../tmk_core/protocol/lufa/LUFA-git/LUFA/Drivers/USB/Core/AVR8/../AVR8/../AVR8/USBController_AVR8.h **** 			 *
 227:../../tmk_core/protocol/lufa/LUFA-git/LUFA/Drivers/USB/Core/AVR8/../AVR8/../AVR8/USBController_AVR8.h **** 			 *  \param[in] Options  Mask indicating the options which should be used when initializing the U
 228:../../tmk_core/protocol/lufa/LUFA-git/LUFA/Drivers/USB/Core/AVR8/../AVR8/../AVR8/USBController_AVR8.h **** 			 *                      interface to control the USB interface's behavior. This should be compri
 229:../../tmk_core/protocol/lufa/LUFA-git/LUFA/Drivers/USB/Core/AVR8/../AVR8/../AVR8/USBController_AVR8.h **** 			 *                      a \c USB_OPT_REG_* mask to control the regulator, a \c USB_OPT_*_PLL mas
 230:../../tmk_core/protocol/lufa/LUFA-git/LUFA/Drivers/USB/Core/AVR8/../AVR8/../AVR8/USBController_AVR8.h **** 			 *                      PLL, and a \c USB_DEVICE_OPT_* mask (when the device mode is enabled) to
 231:../../tmk_core/protocol/lufa/LUFA-git/LUFA/Drivers/USB/Core/AVR8/../AVR8/../AVR8/USBController_AVR8.h **** 			 *                      mode speed.
 232:../../tmk_core/protocol/lufa/LUFA-git/LUFA/Drivers/USB/Core/AVR8/../AVR8/../AVR8/USBController_AVR8.h **** 			 *
 233:../../tmk_core/protocol/lufa/LUFA-git/LUFA/Drivers/USB/Core/AVR8/../AVR8/../AVR8/USBController_AVR8.h **** 			 *  \note To reduce the FLASH requirements of the library if only device or host mode is require
 234:../../tmk_core/protocol/lufa/LUFA-git/LUFA/Drivers/USB/Core/AVR8/../AVR8/../AVR8/USBController_AVR8.h **** 			 *        the mode can be statically set in the project makefile by defining the token \c USB_DE
 235:../../tmk_core/protocol/lufa/LUFA-git/LUFA/Drivers/USB/Core/AVR8/../AVR8/../AVR8/USBController_AVR8.h **** 			 *        (for device mode) or \c USB_HOST_ONLY (for host mode), passing the token to the compil
 236:../../tmk_core/protocol/lufa/LUFA-git/LUFA/Drivers/USB/Core/AVR8/../AVR8/../AVR8/USBController_AVR8.h **** 			 *        via the -D switch. If the mode is statically set, this parameter does not exist in the
 237:../../tmk_core/protocol/lufa/LUFA-git/LUFA/Drivers/USB/Core/AVR8/../AVR8/../AVR8/USBController_AVR8.h **** 			 *        function prototype.
 238:../../tmk_core/protocol/lufa/LUFA-git/LUFA/Drivers/USB/Core/AVR8/../AVR8/../AVR8/USBController_AVR8.h **** 			 *        \n\n
 239:../../tmk_core/protocol/lufa/LUFA-git/LUFA/Drivers/USB/Core/AVR8/../AVR8/../AVR8/USBController_AVR8.h **** 			 *
 240:../../tmk_core/protocol/lufa/LUFA-git/LUFA/Drivers/USB/Core/AVR8/../AVR8/../AVR8/USBController_AVR8.h **** 			 *  \note To reduce the FLASH requirements of the library if only fixed settings are required,
 241:../../tmk_core/protocol/lufa/LUFA-git/LUFA/Drivers/USB/Core/AVR8/../AVR8/../AVR8/USBController_AVR8.h **** 			 *        the options may be set statically in the same manner as the mode (see the Mode paramet
 242:../../tmk_core/protocol/lufa/LUFA-git/LUFA/Drivers/USB/Core/AVR8/../AVR8/../AVR8/USBController_AVR8.h **** 			 *        this function). To statically set the USB options, pass in the \c USE_STATIC_OPTIONS t
 243:../../tmk_core/protocol/lufa/LUFA-git/LUFA/Drivers/USB/Core/AVR8/../AVR8/../AVR8/USBController_AVR8.h **** 			 *        defined to the appropriate options masks. When the options are statically set, this
 244:../../tmk_core/protocol/lufa/LUFA-git/LUFA/Drivers/USB/Core/AVR8/../AVR8/../AVR8/USBController_AVR8.h **** 			 *        parameter does not exist in the function prototype.
 245:../../tmk_core/protocol/lufa/LUFA-git/LUFA/Drivers/USB/Core/AVR8/../AVR8/../AVR8/USBController_AVR8.h **** 			 *        \n\n
 246:../../tmk_core/protocol/lufa/LUFA-git/LUFA/Drivers/USB/Core/AVR8/../AVR8/../AVR8/USBController_AVR8.h **** 			 *
 247:../../tmk_core/protocol/lufa/LUFA-git/LUFA/Drivers/USB/Core/AVR8/../AVR8/../AVR8/USBController_AVR8.h **** 			 *  \note The mode parameter does not exist on devices where only one mode is possible, such as 
 248:../../tmk_core/protocol/lufa/LUFA-git/LUFA/Drivers/USB/Core/AVR8/../AVR8/../AVR8/USBController_AVR8.h **** 			 *        AVR models which only implement the USB device mode in hardware.
 249:../../tmk_core/protocol/lufa/LUFA-git/LUFA/Drivers/USB/Core/AVR8/../AVR8/../AVR8/USBController_AVR8.h **** 			 *
 250:../../tmk_core/protocol/lufa/LUFA-git/LUFA/Drivers/USB/Core/AVR8/../AVR8/../AVR8/USBController_AVR8.h **** 			 *  \see \ref Group_Device for the \c USB_DEVICE_OPT_* masks.
 251:../../tmk_core/protocol/lufa/LUFA-git/LUFA/Drivers/USB/Core/AVR8/../AVR8/../AVR8/USBController_AVR8.h **** 			 */
 252:../../tmk_core/protocol/lufa/LUFA-git/LUFA/Drivers/USB/Core/AVR8/../AVR8/../AVR8/USBController_AVR8.h **** 			void USB_Init(
 253:../../tmk_core/protocol/lufa/LUFA-git/LUFA/Drivers/USB/Core/AVR8/../AVR8/../AVR8/USBController_AVR8.h **** 			               #if defined(USB_CAN_BE_BOTH) || defined(__DOXYGEN__)
 254:../../tmk_core/protocol/lufa/LUFA-git/LUFA/Drivers/USB/Core/AVR8/../AVR8/../AVR8/USBController_AVR8.h **** 			               const uint8_t Mode
 255:../../tmk_core/protocol/lufa/LUFA-git/LUFA/Drivers/USB/Core/AVR8/../AVR8/../AVR8/USBController_AVR8.h **** 			               #endif
 256:../../tmk_core/protocol/lufa/LUFA-git/LUFA/Drivers/USB/Core/AVR8/../AVR8/../AVR8/USBController_AVR8.h **** 
 257:../../tmk_core/protocol/lufa/LUFA-git/LUFA/Drivers/USB/Core/AVR8/../AVR8/../AVR8/USBController_AVR8.h **** 			               #if (defined(USB_CAN_BE_BOTH) && !defined(USE_STATIC_OPTIONS)) || defined(__DOXYG
 258:../../tmk_core/protocol/lufa/LUFA-git/LUFA/Drivers/USB/Core/AVR8/../AVR8/../AVR8/USBController_AVR8.h **** 			               ,
 259:../../tmk_core/protocol/lufa/LUFA-git/LUFA/Drivers/USB/Core/AVR8/../AVR8/../AVR8/USBController_AVR8.h **** 			               #elif (!defined(USB_CAN_BE_BOTH) && defined(USE_STATIC_OPTIONS))
 260:../../tmk_core/protocol/lufa/LUFA-git/LUFA/Drivers/USB/Core/AVR8/../AVR8/../AVR8/USBController_AVR8.h **** 			               void
 261:../../tmk_core/protocol/lufa/LUFA-git/LUFA/Drivers/USB/Core/AVR8/../AVR8/../AVR8/USBController_AVR8.h **** 			               #endif
 262:../../tmk_core/protocol/lufa/LUFA-git/LUFA/Drivers/USB/Core/AVR8/../AVR8/../AVR8/USBController_AVR8.h **** 
 263:../../tmk_core/protocol/lufa/LUFA-git/LUFA/Drivers/USB/Core/AVR8/../AVR8/../AVR8/USBController_AVR8.h **** 			               #if !defined(USE_STATIC_OPTIONS) || defined(__DOXYGEN__)
 264:../../tmk_core/protocol/lufa/LUFA-git/LUFA/Drivers/USB/Core/AVR8/../AVR8/../AVR8/USBController_AVR8.h **** 			               const uint8_t Options
 265:../../tmk_core/protocol/lufa/LUFA-git/LUFA/Drivers/USB/Core/AVR8/../AVR8/../AVR8/USBController_AVR8.h **** 			               #endif
 266:../../tmk_core/protocol/lufa/LUFA-git/LUFA/Drivers/USB/Core/AVR8/../AVR8/../AVR8/USBController_AVR8.h **** 			               );
 267:../../tmk_core/protocol/lufa/LUFA-git/LUFA/Drivers/USB/Core/AVR8/../AVR8/../AVR8/USBController_AVR8.h **** 
 268:../../tmk_core/protocol/lufa/LUFA-git/LUFA/Drivers/USB/Core/AVR8/../AVR8/../AVR8/USBController_AVR8.h **** 			/** Shuts down the USB interface. This turns off the USB interface after deallocating all USB FI
 269:../../tmk_core/protocol/lufa/LUFA-git/LUFA/Drivers/USB/Core/AVR8/../AVR8/../AVR8/USBController_AVR8.h **** 			 *  memory, endpoints and pipes. When turned off, no USB functionality can be used until the int
 270:../../tmk_core/protocol/lufa/LUFA-git/LUFA/Drivers/USB/Core/AVR8/../AVR8/../AVR8/USBController_AVR8.h **** 			 *  is restarted with the \ref USB_Init() function.
 271:../../tmk_core/protocol/lufa/LUFA-git/LUFA/Drivers/USB/Core/AVR8/../AVR8/../AVR8/USBController_AVR8.h **** 			 */
 272:../../tmk_core/protocol/lufa/LUFA-git/LUFA/Drivers/USB/Core/AVR8/../AVR8/../AVR8/USBController_AVR8.h **** 			void USB_Disable(void);
 273:../../tmk_core/protocol/lufa/LUFA-git/LUFA/Drivers/USB/Core/AVR8/../AVR8/../AVR8/USBController_AVR8.h **** 
 274:../../tmk_core/protocol/lufa/LUFA-git/LUFA/Drivers/USB/Core/AVR8/../AVR8/../AVR8/USBController_AVR8.h **** 			/** Resets the interface, when already initialized. This will re-enumerate the device if already
 275:../../tmk_core/protocol/lufa/LUFA-git/LUFA/Drivers/USB/Core/AVR8/../AVR8/../AVR8/USBController_AVR8.h **** 			 *  to a host, or re-enumerate an already attached device when in host mode.
 276:../../tmk_core/protocol/lufa/LUFA-git/LUFA/Drivers/USB/Core/AVR8/../AVR8/../AVR8/USBController_AVR8.h **** 			 */
 277:../../tmk_core/protocol/lufa/LUFA-git/LUFA/Drivers/USB/Core/AVR8/../AVR8/../AVR8/USBController_AVR8.h **** 			void USB_ResetInterface(void);
 278:../../tmk_core/protocol/lufa/LUFA-git/LUFA/Drivers/USB/Core/AVR8/../AVR8/../AVR8/USBController_AVR8.h **** 
 279:../../tmk_core/protocol/lufa/LUFA-git/LUFA/Drivers/USB/Core/AVR8/../AVR8/../AVR8/USBController_AVR8.h **** 		/* Global Variables: */
 280:../../tmk_core/protocol/lufa/LUFA-git/LUFA/Drivers/USB/Core/AVR8/../AVR8/../AVR8/USBController_AVR8.h **** 			#if defined(USB_CAN_BE_BOTH) || defined(__DOXYGEN__)
 281:../../tmk_core/protocol/lufa/LUFA-git/LUFA/Drivers/USB/Core/AVR8/../AVR8/../AVR8/USBController_AVR8.h **** 				/** Indicates the mode that the USB interface is currently initialized to, a value from the
 282:../../tmk_core/protocol/lufa/LUFA-git/LUFA/Drivers/USB/Core/AVR8/../AVR8/../AVR8/USBController_AVR8.h **** 				 *  \ref USB_Modes_t enum.
 283:../../tmk_core/protocol/lufa/LUFA-git/LUFA/Drivers/USB/Core/AVR8/../AVR8/../AVR8/USBController_AVR8.h **** 				 *
 284:../../tmk_core/protocol/lufa/LUFA-git/LUFA/Drivers/USB/Core/AVR8/../AVR8/../AVR8/USBController_AVR8.h **** 				 *  \attention This variable should be treated as read-only in the user application, and never 
 285:../../tmk_core/protocol/lufa/LUFA-git/LUFA/Drivers/USB/Core/AVR8/../AVR8/../AVR8/USBController_AVR8.h **** 				 *             changed in value.
 286:../../tmk_core/protocol/lufa/LUFA-git/LUFA/Drivers/USB/Core/AVR8/../AVR8/../AVR8/USBController_AVR8.h **** 				 *
 287:../../tmk_core/protocol/lufa/LUFA-git/LUFA/Drivers/USB/Core/AVR8/../AVR8/../AVR8/USBController_AVR8.h **** 				 *  \note When the controller is initialized into UID auto-detection mode, this variable will h
 288:../../tmk_core/protocol/lufa/LUFA-git/LUFA/Drivers/USB/Core/AVR8/../AVR8/../AVR8/USBController_AVR8.h **** 				 *        currently selected USB mode (i.e. \ref USB_MODE_Device or \ref USB_MODE_Host). If the
 289:../../tmk_core/protocol/lufa/LUFA-git/LUFA/Drivers/USB/Core/AVR8/../AVR8/../AVR8/USBController_AVR8.h **** 				 *        is fixed into a specific mode (either through the \c USB_DEVICE_ONLY or \c USB_HOST_O
 290:../../tmk_core/protocol/lufa/LUFA-git/LUFA/Drivers/USB/Core/AVR8/../AVR8/../AVR8/USBController_AVR8.h **** 				 *        options, or a limitation of the USB controller in the chosen device model) this will 
 291:../../tmk_core/protocol/lufa/LUFA-git/LUFA/Drivers/USB/Core/AVR8/../AVR8/../AVR8/USBController_AVR8.h **** 				 *        a constant of the appropriate value and will never evaluate to \ref USB_MODE_None eve
 292:../../tmk_core/protocol/lufa/LUFA-git/LUFA/Drivers/USB/Core/AVR8/../AVR8/../AVR8/USBController_AVR8.h **** 				 *        USB interface is not initialized.
 293:../../tmk_core/protocol/lufa/LUFA-git/LUFA/Drivers/USB/Core/AVR8/../AVR8/../AVR8/USBController_AVR8.h **** 				 */
 294:../../tmk_core/protocol/lufa/LUFA-git/LUFA/Drivers/USB/Core/AVR8/../AVR8/../AVR8/USBController_AVR8.h **** 				extern volatile uint8_t USB_CurrentMode;
 295:../../tmk_core/protocol/lufa/LUFA-git/LUFA/Drivers/USB/Core/AVR8/../AVR8/../AVR8/USBController_AVR8.h **** 			#elif defined(USB_CAN_BE_HOST)
 296:../../tmk_core/protocol/lufa/LUFA-git/LUFA/Drivers/USB/Core/AVR8/../AVR8/../AVR8/USBController_AVR8.h **** 				#define USB_CurrentMode USB_MODE_Host
 297:../../tmk_core/protocol/lufa/LUFA-git/LUFA/Drivers/USB/Core/AVR8/../AVR8/../AVR8/USBController_AVR8.h **** 			#elif defined(USB_CAN_BE_DEVICE)
 298:../../tmk_core/protocol/lufa/LUFA-git/LUFA/Drivers/USB/Core/AVR8/../AVR8/../AVR8/USBController_AVR8.h **** 				#define USB_CurrentMode USB_MODE_Device
 299:../../tmk_core/protocol/lufa/LUFA-git/LUFA/Drivers/USB/Core/AVR8/../AVR8/../AVR8/USBController_AVR8.h **** 			#endif
 300:../../tmk_core/protocol/lufa/LUFA-git/LUFA/Drivers/USB/Core/AVR8/../AVR8/../AVR8/USBController_AVR8.h **** 
 301:../../tmk_core/protocol/lufa/LUFA-git/LUFA/Drivers/USB/Core/AVR8/../AVR8/../AVR8/USBController_AVR8.h **** 			#if !defined(USE_STATIC_OPTIONS) || defined(__DOXYGEN__)
 302:../../tmk_core/protocol/lufa/LUFA-git/LUFA/Drivers/USB/Core/AVR8/../AVR8/../AVR8/USBController_AVR8.h **** 				/** Indicates the current USB options that the USB interface was initialized with when \ref USB
 303:../../tmk_core/protocol/lufa/LUFA-git/LUFA/Drivers/USB/Core/AVR8/../AVR8/../AVR8/USBController_AVR8.h **** 				 *  was called. This value will be one of the \c USB_MODE_* masks defined elsewhere in this mod
 304:../../tmk_core/protocol/lufa/LUFA-git/LUFA/Drivers/USB/Core/AVR8/../AVR8/../AVR8/USBController_AVR8.h **** 				 *
 305:../../tmk_core/protocol/lufa/LUFA-git/LUFA/Drivers/USB/Core/AVR8/../AVR8/../AVR8/USBController_AVR8.h **** 				 *  \attention This variable should be treated as read-only in the user application, and never 
 306:../../tmk_core/protocol/lufa/LUFA-git/LUFA/Drivers/USB/Core/AVR8/../AVR8/../AVR8/USBController_AVR8.h **** 				 *             changed in value.
 307:../../tmk_core/protocol/lufa/LUFA-git/LUFA/Drivers/USB/Core/AVR8/../AVR8/../AVR8/USBController_AVR8.h **** 				 */
 308:../../tmk_core/protocol/lufa/LUFA-git/LUFA/Drivers/USB/Core/AVR8/../AVR8/../AVR8/USBController_AVR8.h **** 				extern volatile uint8_t USB_Options;
 309:../../tmk_core/protocol/lufa/LUFA-git/LUFA/Drivers/USB/Core/AVR8/../AVR8/../AVR8/USBController_AVR8.h **** 			#elif defined(USE_STATIC_OPTIONS)
 310:../../tmk_core/protocol/lufa/LUFA-git/LUFA/Drivers/USB/Core/AVR8/../AVR8/../AVR8/USBController_AVR8.h **** 				#define USB_Options USE_STATIC_OPTIONS
 311:../../tmk_core/protocol/lufa/LUFA-git/LUFA/Drivers/USB/Core/AVR8/../AVR8/../AVR8/USBController_AVR8.h **** 			#endif
 312:../../tmk_core/protocol/lufa/LUFA-git/LUFA/Drivers/USB/Core/AVR8/../AVR8/../AVR8/USBController_AVR8.h **** 
 313:../../tmk_core/protocol/lufa/LUFA-git/LUFA/Drivers/USB/Core/AVR8/../AVR8/../AVR8/USBController_AVR8.h **** 	/* Private Interface - For use in library only: */
 314:../../tmk_core/protocol/lufa/LUFA-git/LUFA/Drivers/USB/Core/AVR8/../AVR8/../AVR8/USBController_AVR8.h **** 	#if !defined(__DOXYGEN__)
 315:../../tmk_core/protocol/lufa/LUFA-git/LUFA/Drivers/USB/Core/AVR8/../AVR8/../AVR8/USBController_AVR8.h **** 		/* Function Prototypes: */
 316:../../tmk_core/protocol/lufa/LUFA-git/LUFA/Drivers/USB/Core/AVR8/../AVR8/../AVR8/USBController_AVR8.h **** 			#if defined(__INCLUDE_FROM_USB_CONTROLLER_C)
 317:../../tmk_core/protocol/lufa/LUFA-git/LUFA/Drivers/USB/Core/AVR8/../AVR8/../AVR8/USBController_AVR8.h **** 				#if defined(USB_CAN_BE_DEVICE)
 318:../../tmk_core/protocol/lufa/LUFA-git/LUFA/Drivers/USB/Core/AVR8/../AVR8/../AVR8/USBController_AVR8.h **** 				static void USB_Init_Device(void);
 319:../../tmk_core/protocol/lufa/LUFA-git/LUFA/Drivers/USB/Core/AVR8/../AVR8/../AVR8/USBController_AVR8.h **** 				#endif
 320:../../tmk_core/protocol/lufa/LUFA-git/LUFA/Drivers/USB/Core/AVR8/../AVR8/../AVR8/USBController_AVR8.h **** 
 321:../../tmk_core/protocol/lufa/LUFA-git/LUFA/Drivers/USB/Core/AVR8/../AVR8/../AVR8/USBController_AVR8.h **** 				#if defined(USB_CAN_BE_HOST)
 322:../../tmk_core/protocol/lufa/LUFA-git/LUFA/Drivers/USB/Core/AVR8/../AVR8/../AVR8/USBController_AVR8.h **** 				static void USB_Init_Host(void);
 323:../../tmk_core/protocol/lufa/LUFA-git/LUFA/Drivers/USB/Core/AVR8/../AVR8/../AVR8/USBController_AVR8.h **** 				#endif
 324:../../tmk_core/protocol/lufa/LUFA-git/LUFA/Drivers/USB/Core/AVR8/../AVR8/../AVR8/USBController_AVR8.h **** 			#endif
 325:../../tmk_core/protocol/lufa/LUFA-git/LUFA/Drivers/USB/Core/AVR8/../AVR8/../AVR8/USBController_AVR8.h **** 
 326:../../tmk_core/protocol/lufa/LUFA-git/LUFA/Drivers/USB/Core/AVR8/../AVR8/../AVR8/USBController_AVR8.h **** 		/* Inline Functions: */
 327:../../tmk_core/protocol/lufa/LUFA-git/LUFA/Drivers/USB/Core/AVR8/../AVR8/../AVR8/USBController_AVR8.h **** 			static inline void USB_PLL_On(void) ATTR_ALWAYS_INLINE;
 328:../../tmk_core/protocol/lufa/LUFA-git/LUFA/Drivers/USB/Core/AVR8/../AVR8/../AVR8/USBController_AVR8.h **** 			static inline void USB_PLL_On(void)
 329:../../tmk_core/protocol/lufa/LUFA-git/LUFA/Drivers/USB/Core/AVR8/../AVR8/../AVR8/USBController_AVR8.h **** 			{
 330:../../tmk_core/protocol/lufa/LUFA-git/LUFA/Drivers/USB/Core/AVR8/../AVR8/../AVR8/USBController_AVR8.h **** 				PLLCSR = USB_PLL_PSC;
  25               		.loc 2 330 0
  26 0000 80E1      		ldi r24,lo8(16)
  27 0002 89BD      		out 0x29,r24
 331:../../tmk_core/protocol/lufa/LUFA-git/LUFA/Drivers/USB/Core/AVR8/../AVR8/../AVR8/USBController_AVR8.h **** 				PLLCSR = (USB_PLL_PSC | (1 << PLLE));
  28               		.loc 2 331 0
  29 0004 82E1      		ldi r24,lo8(18)
  30 0006 89BD      		out 0x29,r24
  31               	.L3:
  32               	.LBE9:
  33               	.LBE8:
  43:../../tmk_core/protocol/lufa/LUFA-git/LUFA/Drivers/USB/Core/AVR8/Device_AVR8.c **** 	if (!(USB_Options & USB_OPT_MANUAL_PLL))
  44:../../tmk_core/protocol/lufa/LUFA-git/LUFA/Drivers/USB/Core/AVR8/Device_AVR8.c **** 	{
  45:../../tmk_core/protocol/lufa/LUFA-git/LUFA/Drivers/USB/Core/AVR8/Device_AVR8.c **** 		USB_PLL_On();
  46:../../tmk_core/protocol/lufa/LUFA-git/LUFA/Drivers/USB/Core/AVR8/Device_AVR8.c **** 		while (!(USB_PLL_IsReady()));
  34               		.loc 1 46 0 discriminator 1
  35 0008 09B4      		in __tmp_reg__,0x29
  36 000a 00FE      		sbrs __tmp_reg__,0
  37 000c 00C0      		rjmp .L3
  38               	.LBB10:
  39               	.LBB11:
 332:../../tmk_core/protocol/lufa/LUFA-git/LUFA/Drivers/USB/Core/AVR8/../AVR8/../AVR8/USBController_AVR8.h **** 			}
 333:../../tmk_core/protocol/lufa/LUFA-git/LUFA/Drivers/USB/Core/AVR8/../AVR8/../AVR8/USBController_AVR8.h **** 
 334:../../tmk_core/protocol/lufa/LUFA-git/LUFA/Drivers/USB/Core/AVR8/../AVR8/../AVR8/USBController_AVR8.h **** 			static inline void USB_PLL_Off(void) ATTR_ALWAYS_INLINE;
 335:../../tmk_core/protocol/lufa/LUFA-git/LUFA/Drivers/USB/Core/AVR8/../AVR8/../AVR8/USBController_AVR8.h **** 			static inline void USB_PLL_Off(void)
 336:../../tmk_core/protocol/lufa/LUFA-git/LUFA/Drivers/USB/Core/AVR8/../AVR8/../AVR8/USBController_AVR8.h **** 			{
 337:../../tmk_core/protocol/lufa/LUFA-git/LUFA/Drivers/USB/Core/AVR8/../AVR8/../AVR8/USBController_AVR8.h **** 				PLLCSR = 0;
 338:../../tmk_core/protocol/lufa/LUFA-git/LUFA/Drivers/USB/Core/AVR8/../AVR8/../AVR8/USBController_AVR8.h **** 			}
 339:../../tmk_core/protocol/lufa/LUFA-git/LUFA/Drivers/USB/Core/AVR8/../AVR8/../AVR8/USBController_AVR8.h **** 
 340:../../tmk_core/protocol/lufa/LUFA-git/LUFA/Drivers/USB/Core/AVR8/../AVR8/../AVR8/USBController_AVR8.h **** 			static inline bool USB_PLL_IsReady(void) ATTR_WARN_UNUSED_RESULT ATTR_ALWAYS_INLINE;
 341:../../tmk_core/protocol/lufa/LUFA-git/LUFA/Drivers/USB/Core/AVR8/../AVR8/../AVR8/USBController_AVR8.h **** 			static inline bool USB_PLL_IsReady(void)
 342:../../tmk_core/protocol/lufa/LUFA-git/LUFA/Drivers/USB/Core/AVR8/../AVR8/../AVR8/USBController_AVR8.h **** 			{
 343:../../tmk_core/protocol/lufa/LUFA-git/LUFA/Drivers/USB/Core/AVR8/../AVR8/../AVR8/USBController_AVR8.h **** 				return ((PLLCSR & (1 << PLOCK)) ? true : false);
 344:../../tmk_core/protocol/lufa/LUFA-git/LUFA/Drivers/USB/Core/AVR8/../AVR8/../AVR8/USBController_AVR8.h **** 			}
 345:../../tmk_core/protocol/lufa/LUFA-git/LUFA/Drivers/USB/Core/AVR8/../AVR8/../AVR8/USBController_AVR8.h **** 
 346:../../tmk_core/protocol/lufa/LUFA-git/LUFA/Drivers/USB/Core/AVR8/../AVR8/../AVR8/USBController_AVR8.h **** 			static inline void USB_REG_On(void) ATTR_ALWAYS_INLINE;
 347:../../tmk_core/protocol/lufa/LUFA-git/LUFA/Drivers/USB/Core/AVR8/../AVR8/../AVR8/USBController_AVR8.h **** 			static inline void USB_REG_On(void)
 348:../../tmk_core/protocol/lufa/LUFA-git/LUFA/Drivers/USB/Core/AVR8/../AVR8/../AVR8/USBController_AVR8.h **** 			{
 349:../../tmk_core/protocol/lufa/LUFA-git/LUFA/Drivers/USB/Core/AVR8/../AVR8/../AVR8/USBController_AVR8.h **** 			#if defined(USB_SERIES_4_AVR) || defined(USB_SERIES_6_AVR) || defined(USB_SERIES_7_AVR)
 350:../../tmk_core/protocol/lufa/LUFA-git/LUFA/Drivers/USB/Core/AVR8/../AVR8/../AVR8/USBController_AVR8.h **** 				UHWCON |=  (1 << UVREGE);
 351:../../tmk_core/protocol/lufa/LUFA-git/LUFA/Drivers/USB/Core/AVR8/../AVR8/../AVR8/USBController_AVR8.h **** 			#else
 352:../../tmk_core/protocol/lufa/LUFA-git/LUFA/Drivers/USB/Core/AVR8/../AVR8/../AVR8/USBController_AVR8.h **** 				REGCR  &= ~(1 << REGDIS);
 353:../../tmk_core/protocol/lufa/LUFA-git/LUFA/Drivers/USB/Core/AVR8/../AVR8/../AVR8/USBController_AVR8.h **** 			#endif
 354:../../tmk_core/protocol/lufa/LUFA-git/LUFA/Drivers/USB/Core/AVR8/../AVR8/../AVR8/USBController_AVR8.h **** 			}
 355:../../tmk_core/protocol/lufa/LUFA-git/LUFA/Drivers/USB/Core/AVR8/../AVR8/../AVR8/USBController_AVR8.h **** 
 356:../../tmk_core/protocol/lufa/LUFA-git/LUFA/Drivers/USB/Core/AVR8/../AVR8/../AVR8/USBController_AVR8.h **** 			static inline void USB_REG_Off(void) ATTR_ALWAYS_INLINE;
 357:../../tmk_core/protocol/lufa/LUFA-git/LUFA/Drivers/USB/Core/AVR8/../AVR8/../AVR8/USBController_AVR8.h **** 			static inline void USB_REG_Off(void)
 358:../../tmk_core/protocol/lufa/LUFA-git/LUFA/Drivers/USB/Core/AVR8/../AVR8/../AVR8/USBController_AVR8.h **** 			{
 359:../../tmk_core/protocol/lufa/LUFA-git/LUFA/Drivers/USB/Core/AVR8/../AVR8/../AVR8/USBController_AVR8.h **** 			#if defined(USB_SERIES_4_AVR) || defined(USB_SERIES_6_AVR) || defined(USB_SERIES_7_AVR)
 360:../../tmk_core/protocol/lufa/LUFA-git/LUFA/Drivers/USB/Core/AVR8/../AVR8/../AVR8/USBController_AVR8.h **** 				UHWCON &= ~(1 << UVREGE);
 361:../../tmk_core/protocol/lufa/LUFA-git/LUFA/Drivers/USB/Core/AVR8/../AVR8/../AVR8/USBController_AVR8.h **** 			#else
 362:../../tmk_core/protocol/lufa/LUFA-git/LUFA/Drivers/USB/Core/AVR8/../AVR8/../AVR8/USBController_AVR8.h **** 				REGCR  |=  (1 << REGDIS);
 363:../../tmk_core/protocol/lufa/LUFA-git/LUFA/Drivers/USB/Core/AVR8/../AVR8/../AVR8/USBController_AVR8.h **** 			#endif
 364:../../tmk_core/protocol/lufa/LUFA-git/LUFA/Drivers/USB/Core/AVR8/../AVR8/../AVR8/USBController_AVR8.h **** 			}
 365:../../tmk_core/protocol/lufa/LUFA-git/LUFA/Drivers/USB/Core/AVR8/../AVR8/../AVR8/USBController_AVR8.h **** 
 366:../../tmk_core/protocol/lufa/LUFA-git/LUFA/Drivers/USB/Core/AVR8/../AVR8/../AVR8/USBController_AVR8.h **** 			#if defined(USB_SERIES_4_AVR) || defined(USB_SERIES_6_AVR) || defined(USB_SERIES_7_AVR)
 367:../../tmk_core/protocol/lufa/LUFA-git/LUFA/Drivers/USB/Core/AVR8/../AVR8/../AVR8/USBController_AVR8.h **** 			static inline void USB_OTGPAD_On(void) ATTR_ALWAYS_INLINE;
 368:../../tmk_core/protocol/lufa/LUFA-git/LUFA/Drivers/USB/Core/AVR8/../AVR8/../AVR8/USBController_AVR8.h **** 			static inline void USB_OTGPAD_On(void)
 369:../../tmk_core/protocol/lufa/LUFA-git/LUFA/Drivers/USB/Core/AVR8/../AVR8/../AVR8/USBController_AVR8.h **** 			{
 370:../../tmk_core/protocol/lufa/LUFA-git/LUFA/Drivers/USB/Core/AVR8/../AVR8/../AVR8/USBController_AVR8.h **** 				USBCON |=  (1 << OTGPADE);
 371:../../tmk_core/protocol/lufa/LUFA-git/LUFA/Drivers/USB/Core/AVR8/../AVR8/../AVR8/USBController_AVR8.h **** 			}
 372:../../tmk_core/protocol/lufa/LUFA-git/LUFA/Drivers/USB/Core/AVR8/../AVR8/../AVR8/USBController_AVR8.h **** 
 373:../../tmk_core/protocol/lufa/LUFA-git/LUFA/Drivers/USB/Core/AVR8/../AVR8/../AVR8/USBController_AVR8.h **** 			static inline void USB_OTGPAD_Off(void) ATTR_ALWAYS_INLINE;
 374:../../tmk_core/protocol/lufa/LUFA-git/LUFA/Drivers/USB/Core/AVR8/../AVR8/../AVR8/USBController_AVR8.h **** 			static inline void USB_OTGPAD_Off(void)
 375:../../tmk_core/protocol/lufa/LUFA-git/LUFA/Drivers/USB/Core/AVR8/../AVR8/../AVR8/USBController_AVR8.h **** 			{
 376:../../tmk_core/protocol/lufa/LUFA-git/LUFA/Drivers/USB/Core/AVR8/../AVR8/../AVR8/USBController_AVR8.h **** 				USBCON &= ~(1 << OTGPADE);
 377:../../tmk_core/protocol/lufa/LUFA-git/LUFA/Drivers/USB/Core/AVR8/../AVR8/../AVR8/USBController_AVR8.h **** 			}
 378:../../tmk_core/protocol/lufa/LUFA-git/LUFA/Drivers/USB/Core/AVR8/../AVR8/../AVR8/USBController_AVR8.h **** 			#endif
 379:../../tmk_core/protocol/lufa/LUFA-git/LUFA/Drivers/USB/Core/AVR8/../AVR8/../AVR8/USBController_AVR8.h **** 
 380:../../tmk_core/protocol/lufa/LUFA-git/LUFA/Drivers/USB/Core/AVR8/../AVR8/../AVR8/USBController_AVR8.h **** 			static inline void USB_CLK_Freeze(void) ATTR_ALWAYS_INLINE;
 381:../../tmk_core/protocol/lufa/LUFA-git/LUFA/Drivers/USB/Core/AVR8/../AVR8/../AVR8/USBController_AVR8.h **** 			static inline void USB_CLK_Freeze(void)
 382:../../tmk_core/protocol/lufa/LUFA-git/LUFA/Drivers/USB/Core/AVR8/../AVR8/../AVR8/USBController_AVR8.h **** 			{
 383:../../tmk_core/protocol/lufa/LUFA-git/LUFA/Drivers/USB/Core/AVR8/../AVR8/../AVR8/USBController_AVR8.h **** 				USBCON |=  (1 << FRZCLK);
 384:../../tmk_core/protocol/lufa/LUFA-git/LUFA/Drivers/USB/Core/AVR8/../AVR8/../AVR8/USBController_AVR8.h **** 			}
 385:../../tmk_core/protocol/lufa/LUFA-git/LUFA/Drivers/USB/Core/AVR8/../AVR8/../AVR8/USBController_AVR8.h **** 
 386:../../tmk_core/protocol/lufa/LUFA-git/LUFA/Drivers/USB/Core/AVR8/../AVR8/../AVR8/USBController_AVR8.h **** 			static inline void USB_CLK_Unfreeze(void) ATTR_ALWAYS_INLINE;
 387:../../tmk_core/protocol/lufa/LUFA-git/LUFA/Drivers/USB/Core/AVR8/../AVR8/../AVR8/USBController_AVR8.h **** 			static inline void USB_CLK_Unfreeze(void)
 388:../../tmk_core/protocol/lufa/LUFA-git/LUFA/Drivers/USB/Core/AVR8/../AVR8/../AVR8/USBController_AVR8.h **** 			{
 389:../../tmk_core/protocol/lufa/LUFA-git/LUFA/Drivers/USB/Core/AVR8/../AVR8/../AVR8/USBController_AVR8.h **** 				USBCON &= ~(1 << FRZCLK);
  40               		.loc 2 389 0
  41 000e 8091 D800 		lds r24,216
  42 0012 8F7D      		andi r24,lo8(-33)
  43 0014 8093 D800 		sts 216,r24
  44               	.LBE11:
  45               	.LBE10:
  47:../../tmk_core/protocol/lufa/LUFA-git/LUFA/Drivers/USB/Core/AVR8/Device_AVR8.c **** 	}
  48:../../tmk_core/protocol/lufa/LUFA-git/LUFA/Drivers/USB/Core/AVR8/Device_AVR8.c **** 
  49:../../tmk_core/protocol/lufa/LUFA-git/LUFA/Drivers/USB/Core/AVR8/Device_AVR8.c **** 	USB_CLK_Unfreeze();
  50:../../tmk_core/protocol/lufa/LUFA-git/LUFA/Drivers/USB/Core/AVR8/Device_AVR8.c **** 
  51:../../tmk_core/protocol/lufa/LUFA-git/LUFA/Drivers/USB/Core/AVR8/Device_AVR8.c **** 	UDCON |= (1 << RMWKUP);
  46               		.loc 1 51 0
  47 0018 8091 E000 		lds r24,224
  48 001c 8260      		ori r24,lo8(2)
  49 001e 8093 E000 		sts 224,r24
  50               	.L5:
  52:../../tmk_core/protocol/lufa/LUFA-git/LUFA/Drivers/USB/Core/AVR8/Device_AVR8.c **** 	while (UDCON & (1 << RMWKUP));
  51               		.loc 1 52 0 discriminator 1
  52 0022 8091 E000 		lds r24,224
  53 0026 81FD      		sbrc r24,1
  54 0028 00C0      		rjmp .L5
  55               	/* epilogue start */
  53:../../tmk_core/protocol/lufa/LUFA-git/LUFA/Drivers/USB/Core/AVR8/Device_AVR8.c **** }
  56               		.loc 1 53 0
  57 002a 0895      		ret
  58               		.cfi_endproc
  59               	.LFE85:
  61               		.text
  62               	.Letext0:
  63               		.file 3 "/usr/lib/avr/include/stdint.h"
DEFINED SYMBOLS
                            *ABS*:0000000000000000 Device_AVR8.c
     /tmp/ccrtJJQj.s:2      *ABS*:000000000000003e __SP_H__
     /tmp/ccrtJJQj.s:3      *ABS*:000000000000003d __SP_L__
     /tmp/ccrtJJQj.s:4      *ABS*:000000000000003f __SREG__
     /tmp/ccrtJJQj.s:5      *ABS*:0000000000000000 __tmp_reg__
     /tmp/ccrtJJQj.s:6      *ABS*:0000000000000001 __zero_reg__
     /tmp/ccrtJJQj.s:13     .text.USB_Device_SendRemoteWakeup:0000000000000000 USB_Device_SendRemoteWakeup

NO UNDEFINED SYMBOLS
